<?xml version="1.0" encoding="UTF-8"?>
<testng-results ignored="0" total="14" passed="14" failed="0" skipped="0">
  <reporter-output>
  </reporter-output>
  <suite started-at="2024-04-16T20:23:01 IST" name="TutorialNinja Automation Suite" finished-at="2024-04-16T20:23:55 IST" duration-ms="54213">
    <groups>
    </groups>
    <test started-at="2024-04-16T20:23:01 IST" name="TutorialNinja Automation Test cases" finished-at="2024-04-16T20:23:55 IST" duration-ms="54213">
      <class name="com.TutorialNinjaproj.QA.TestCases.SearchTest">
        <test-method is-config="true" signature="setUp()[pri:0, instance:com.TutorialNinjaproj.QA.TestCases.SearchTest@e350b40]" started-at="2024-04-16T20:23:47 IST" name="setUp" finished-at="2024-04-16T20:23:49 IST" duration-ms="2173" status="PASS">
          <reporter-output>
          </reporter-output>
        </test-method> <!-- setUp -->
        <test-method signature="verifySearchWithValidProduct()[pri:1, instance:com.TutorialNinjaproj.QA.TestCases.SearchTest@e350b40]" started-at="2024-04-16T20:23:49 IST" name="verifySearchWithValidProduct" finished-at="2024-04-16T20:23:49 IST" duration-ms="443" status="PASS">
          <reporter-output>
          </reporter-output>
        </test-method> <!-- verifySearchWithValidProduct -->
        <test-method is-config="true" signature="tearDown()[pri:0, instance:com.TutorialNinjaproj.QA.TestCases.SearchTest@e350b40]" started-at="2024-04-16T20:23:49 IST" name="tearDown" finished-at="2024-04-16T20:23:50 IST" duration-ms="199" status="PASS">
          <reporter-output>
          </reporter-output>
        </test-method> <!-- tearDown -->
        <test-method is-config="true" signature="setUp()[pri:0, instance:com.TutorialNinjaproj.QA.TestCases.SearchTest@e350b40]" started-at="2024-04-16T20:23:50 IST" name="setUp" finished-at="2024-04-16T20:23:52 IST" duration-ms="2219" status="PASS">
          <reporter-output>
          </reporter-output>
        </test-method> <!-- setUp -->
        <test-method signature="verifySearchWithInValidProduct()[pri:2, instance:com.TutorialNinjaproj.QA.TestCases.SearchTest@e350b40]" started-at="2024-04-16T20:23:52 IST" name="verifySearchWithInValidProduct" finished-at="2024-04-16T20:23:52 IST" duration-ms="461" status="PASS">
          <reporter-output>
          </reporter-output>
        </test-method> <!-- verifySearchWithInValidProduct -->
        <test-method is-config="true" signature="tearDown()[pri:0, instance:com.TutorialNinjaproj.QA.TestCases.SearchTest@e350b40]" started-at="2024-04-16T20:23:52 IST" name="tearDown" finished-at="2024-04-16T20:23:53 IST" duration-ms="193" status="PASS">
          <reporter-output>
          </reporter-output>
        </test-method> <!-- tearDown -->
        <test-method is-config="true" signature="setUp()[pri:0, instance:com.TutorialNinjaproj.QA.TestCases.SearchTest@e350b40]" started-at="2024-04-16T20:23:53 IST" name="setUp" finished-at="2024-04-16T20:23:55 IST" duration-ms="2112" status="PASS">
          <reporter-output>
          </reporter-output>
        </test-method> <!-- setUp -->
        <test-method signature="verifySearchWithAnyProduct()[pri:3, instance:com.TutorialNinjaproj.QA.TestCases.SearchTest@e350b40]" started-at="2024-04-16T20:23:55 IST" name="verifySearchWithAnyProduct" finished-at="2024-04-16T20:23:55 IST" depends-on-methods="com.TutorialNinjaproj.QA.TestCases.SearchTest.verifySearchWithValidProduct, com.TutorialNinjaproj.QA.TestCases.SearchTest.verifySearchWithInValidProduct" duration-ms="300" status="PASS">
          <reporter-output>
          </reporter-output>
        </test-method> <!-- verifySearchWithAnyProduct -->
        <test-method is-config="true" signature="tearDown()[pri:0, instance:com.TutorialNinjaproj.QA.TestCases.SearchTest@e350b40]" started-at="2024-04-16T20:23:55 IST" name="tearDown" finished-at="2024-04-16T20:23:55 IST" duration-ms="222" status="PASS">
          <reporter-output>
          </reporter-output>
        </test-method> <!-- tearDown -->
      </class> <!-- com.TutorialNinjaproj.QA.TestCases.SearchTest -->
      <class name="com.TutorialNinjaproj.QA.TestCases.RegisterTest">
        <test-method is-config="true" signature="setUp()[pri:0, instance:com.TutorialNinjaproj.QA.TestCases.RegisterTest@201a4587]" started-at="2024-04-16T20:23:01 IST" name="setUp" finished-at="2024-04-16T20:23:07 IST" duration-ms="5955" status="PASS">
          <reporter-output>
          </reporter-output>
        </test-method> <!-- setUp -->
        <test-method signature="verifyRegisterAnAccountWithMandatoryFields()[pri:1, instance:com.TutorialNinjaproj.QA.TestCases.RegisterTest@201a4587]" started-at="2024-04-16T20:23:07 IST" name="verifyRegisterAnAccountWithMandatoryFields" finished-at="2024-04-16T20:23:09 IST" duration-ms="1393" status="PASS">
          <reporter-output>
          </reporter-output>
        </test-method> <!-- verifyRegisterAnAccountWithMandatoryFields -->
        <test-method is-config="true" signature="tearDown()[pri:0, instance:com.TutorialNinjaproj.QA.TestCases.RegisterTest@201a4587]" started-at="2024-04-16T20:23:09 IST" name="tearDown" finished-at="2024-04-16T20:23:09 IST" duration-ms="315" status="PASS">
          <reporter-output>
          </reporter-output>
        </test-method> <!-- tearDown -->
        <test-method is-config="true" signature="setUp()[pri:0, instance:com.TutorialNinjaproj.QA.TestCases.RegisterTest@201a4587]" started-at="2024-04-16T20:23:09 IST" name="setUp" finished-at="2024-04-16T20:23:12 IST" duration-ms="2805" status="PASS">
          <reporter-output>
          </reporter-output>
        </test-method> <!-- setUp -->
        <test-method signature="verifyRegisterAccountByProvidingAllFields()[pri:2, instance:com.TutorialNinjaproj.QA.TestCases.RegisterTest@201a4587]" started-at="2024-04-16T20:23:12 IST" name="verifyRegisterAccountByProvidingAllFields" finished-at="2024-04-16T20:23:13 IST" duration-ms="1474" status="PASS">
          <reporter-output>
          </reporter-output>
        </test-method> <!-- verifyRegisterAccountByProvidingAllFields -->
        <test-method is-config="true" signature="tearDown()[pri:0, instance:com.TutorialNinjaproj.QA.TestCases.RegisterTest@201a4587]" started-at="2024-04-16T20:23:13 IST" name="tearDown" finished-at="2024-04-16T20:23:13 IST" duration-ms="204" status="PASS">
          <reporter-output>
          </reporter-output>
        </test-method> <!-- tearDown -->
        <test-method is-config="true" signature="setUp()[pri:0, instance:com.TutorialNinjaproj.QA.TestCases.RegisterTest@201a4587]" started-at="2024-04-16T20:23:13 IST" name="setUp" finished-at="2024-04-16T20:23:16 IST" duration-ms="2772" status="PASS">
          <reporter-output>
          </reporter-output>
        </test-method> <!-- setUp -->
        <test-method signature="verifyRegisterAccountWithExistingEmailAccount()[pri:3, instance:com.TutorialNinjaproj.QA.TestCases.RegisterTest@201a4587]" started-at="2024-04-16T20:23:16 IST" name="verifyRegisterAccountWithExistingEmailAccount" finished-at="2024-04-16T20:23:17 IST" duration-ms="1095" status="PASS">
          <reporter-output>
          </reporter-output>
        </test-method> <!-- verifyRegisterAccountWithExistingEmailAccount -->
        <test-method is-config="true" signature="tearDown()[pri:0, instance:com.TutorialNinjaproj.QA.TestCases.RegisterTest@201a4587]" started-at="2024-04-16T20:23:17 IST" name="tearDown" finished-at="2024-04-16T20:23:17 IST" duration-ms="198" status="PASS">
          <reporter-output>
          </reporter-output>
        </test-method> <!-- tearDown -->
        <test-method is-config="true" signature="setUp()[pri:0, instance:com.TutorialNinjaproj.QA.TestCases.RegisterTest@201a4587]" started-at="2024-04-16T20:23:17 IST" name="setUp" finished-at="2024-04-16T20:23:20 IST" duration-ms="2602" status="PASS">
          <reporter-output>
          </reporter-output>
        </test-method> <!-- setUp -->
        <test-method signature="verifyRegisteringWithoutFillingAnydetails()[pri:4, instance:com.TutorialNinjaproj.QA.TestCases.RegisterTest@201a4587]" started-at="2024-04-16T20:23:20 IST" name="verifyRegisteringWithoutFillingAnydetails" finished-at="2024-04-16T20:23:21 IST" duration-ms="587" status="PASS">
          <reporter-output>
          </reporter-output>
        </test-method> <!-- verifyRegisteringWithoutFillingAnydetails -->
        <test-method is-config="true" signature="tearDown()[pri:0, instance:com.TutorialNinjaproj.QA.TestCases.RegisterTest@201a4587]" started-at="2024-04-16T20:23:21 IST" name="tearDown" finished-at="2024-04-16T20:23:21 IST" duration-ms="208" status="PASS">
          <reporter-output>
          </reporter-output>
        </test-method> <!-- tearDown -->
      </class> <!-- com.TutorialNinjaproj.QA.TestCases.RegisterTest -->
      <class name="com.TutorialNinjaproj.QA.TestCases.LoginTest">
        <test-method is-config="true" signature="setUp()[pri:0, instance:com.TutorialNinjaproj.QA.TestCases.LoginTest@38cee291]" started-at="2024-04-16T20:23:22 IST" name="setUp" finished-at="2024-04-16T20:23:24 IST" duration-ms="2521" status="PASS">
          <reporter-output>
          </reporter-output>
        </test-method> <!-- setUp -->
        <test-method signature="verifyLoginWithValidCredentials(java.lang.String,java.lang.String)[pri:1, instance:com.TutorialNinjaproj.QA.TestCases.LoginTest@38cee291]" started-at="2024-04-16T20:23:24 IST" name="verifyLoginWithValidCredentials" data-provider="validCredentials" finished-at="2024-04-16T20:23:25 IST" duration-ms="1089" status="PASS">
          <params>
            <param index="0">
              <value>
                <![CDATA[amitsdet3227@gmail.com]]>
              </value>
            </param>
            <param index="1">
              <value>
                <![CDATA[Shreeganesh@1234]]>
              </value>
            </param>
          </params>
          <reporter-output>
          </reporter-output>
        </test-method> <!-- verifyLoginWithValidCredentials -->
        <test-method is-config="true" signature="tearDown()[pri:0, instance:com.TutorialNinjaproj.QA.TestCases.LoginTest@38cee291]" started-at="2024-04-16T20:23:25 IST" name="tearDown" finished-at="2024-04-16T20:23:26 IST" duration-ms="209" status="PASS">
          <reporter-output>
          </reporter-output>
        </test-method> <!-- tearDown -->
        <test-method is-config="true" signature="setUp()[pri:0, instance:com.TutorialNinjaproj.QA.TestCases.LoginTest@38cee291]" started-at="2024-04-16T20:23:26 IST" name="setUp" finished-at="2024-04-16T20:23:28 IST" duration-ms="2390" status="PASS">
          <reporter-output>
          </reporter-output>
        </test-method> <!-- setUp -->
        <test-method signature="verifyLoginWithValidCredentials(java.lang.String,java.lang.String)[pri:1, instance:com.TutorialNinjaproj.QA.TestCases.LoginTest@38cee291]" started-at="2024-04-16T20:23:28 IST" name="verifyLoginWithValidCredentials" data-provider="validCredentials" finished-at="2024-04-16T20:23:29 IST" duration-ms="932" status="PASS">
          <params>
            <param index="0">
              <value>
                <![CDATA[amitsdet3228@gmail.com]]>
              </value>
            </param>
            <param index="1">
              <value>
                <![CDATA[Shreeganesh@1234]]>
              </value>
            </param>
          </params>
          <reporter-output>
          </reporter-output>
        </test-method> <!-- verifyLoginWithValidCredentials -->
        <test-method is-config="true" signature="tearDown()[pri:0, instance:com.TutorialNinjaproj.QA.TestCases.LoginTest@38cee291]" started-at="2024-04-16T20:23:29 IST" name="tearDown" finished-at="2024-04-16T20:23:29 IST" duration-ms="185" status="PASS">
          <reporter-output>
          </reporter-output>
        </test-method> <!-- tearDown -->
        <test-method is-config="true" signature="setUp()[pri:0, instance:com.TutorialNinjaproj.QA.TestCases.LoginTest@38cee291]" started-at="2024-04-16T20:23:29 IST" name="setUp" finished-at="2024-04-16T20:23:32 IST" duration-ms="2560" status="PASS">
          <reporter-output>
          </reporter-output>
        </test-method> <!-- setUp -->
        <test-method signature="verifyLoginWithValidCredentials(java.lang.String,java.lang.String)[pri:1, instance:com.TutorialNinjaproj.QA.TestCases.LoginTest@38cee291]" started-at="2024-04-16T20:23:32 IST" name="verifyLoginWithValidCredentials" data-provider="validCredentials" finished-at="2024-04-16T20:23:33 IST" duration-ms="837" status="PASS">
          <params>
            <param index="0">
              <value>
                <![CDATA[amitsdet3229@gmail.com]]>
              </value>
            </param>
            <param index="1">
              <value>
                <![CDATA[Shreeganesh@1234]]>
              </value>
            </param>
          </params>
          <reporter-output>
          </reporter-output>
        </test-method> <!-- verifyLoginWithValidCredentials -->
        <test-method is-config="true" signature="tearDown()[pri:0, instance:com.TutorialNinjaproj.QA.TestCases.LoginTest@38cee291]" started-at="2024-04-16T20:23:33 IST" name="tearDown" finished-at="2024-04-16T20:23:33 IST" duration-ms="181" status="PASS">
          <reporter-output>
          </reporter-output>
        </test-method> <!-- tearDown -->
        <test-method is-config="true" signature="setUp()[pri:0, instance:com.TutorialNinjaproj.QA.TestCases.LoginTest@38cee291]" started-at="2024-04-16T20:23:33 IST" name="setUp" finished-at="2024-04-16T20:23:35 IST" duration-ms="2522" status="PASS">
          <reporter-output>
          </reporter-output>
        </test-method> <!-- setUp -->
        <test-method signature="verifyLoginWithInValidCredentials()[pri:2, instance:com.TutorialNinjaproj.QA.TestCases.LoginTest@38cee291]" started-at="2024-04-16T20:23:35 IST" name="verifyLoginWithInValidCredentials" finished-at="2024-04-16T20:23:36 IST" duration-ms="890" status="PASS">
          <reporter-output>
          </reporter-output>
        </test-method> <!-- verifyLoginWithInValidCredentials -->
        <test-method is-config="true" signature="tearDown()[pri:0, instance:com.TutorialNinjaproj.QA.TestCases.LoginTest@38cee291]" started-at="2024-04-16T20:23:36 IST" name="tearDown" finished-at="2024-04-16T20:23:36 IST" duration-ms="184" status="PASS">
          <reporter-output>
          </reporter-output>
        </test-method> <!-- tearDown -->
        <test-method is-config="true" signature="setUp()[pri:0, instance:com.TutorialNinjaproj.QA.TestCases.LoginTest@38cee291]" started-at="2024-04-16T20:23:36 IST" name="setUp" finished-at="2024-04-16T20:23:39 IST" duration-ms="2418" status="PASS">
          <reporter-output>
          </reporter-output>
        </test-method> <!-- setUp -->
        <test-method signature="verifyLoginWithInValideEmailAndValidPassword()[pri:3, instance:com.TutorialNinjaproj.QA.TestCases.LoginTest@38cee291]" started-at="2024-04-16T20:23:39 IST" name="verifyLoginWithInValideEmailAndValidPassword" finished-at="2024-04-16T20:23:40 IST" duration-ms="902" status="PASS">
          <reporter-output>
          </reporter-output>
        </test-method> <!-- verifyLoginWithInValideEmailAndValidPassword -->
        <test-method is-config="true" signature="tearDown()[pri:0, instance:com.TutorialNinjaproj.QA.TestCases.LoginTest@38cee291]" started-at="2024-04-16T20:23:40 IST" name="tearDown" finished-at="2024-04-16T20:23:40 IST" duration-ms="208" status="PASS">
          <reporter-output>
          </reporter-output>
        </test-method> <!-- tearDown -->
        <test-method is-config="true" signature="setUp()[pri:0, instance:com.TutorialNinjaproj.QA.TestCases.LoginTest@38cee291]" started-at="2024-04-16T20:23:40 IST" name="setUp" finished-at="2024-04-16T20:23:42 IST" duration-ms="2482" status="PASS">
          <reporter-output>
          </reporter-output>
        </test-method> <!-- setUp -->
        <test-method signature="verifyLoginWithValideEmailAndInValidPassword()[pri:4, instance:com.TutorialNinjaproj.QA.TestCases.LoginTest@38cee291]" started-at="2024-04-16T20:23:42 IST" name="verifyLoginWithValideEmailAndInValidPassword" finished-at="2024-04-16T20:23:43 IST" duration-ms="811" status="PASS">
          <reporter-output>
          </reporter-output>
        </test-method> <!-- verifyLoginWithValideEmailAndInValidPassword -->
        <test-method is-config="true" signature="tearDown()[pri:0, instance:com.TutorialNinjaproj.QA.TestCases.LoginTest@38cee291]" started-at="2024-04-16T20:23:43 IST" name="tearDown" finished-at="2024-04-16T20:23:43 IST" duration-ms="189" status="PASS">
          <reporter-output>
          </reporter-output>
        </test-method> <!-- tearDown -->
        <test-method is-config="true" signature="setUp()[pri:0, instance:com.TutorialNinjaproj.QA.TestCases.LoginTest@38cee291]" started-at="2024-04-16T20:23:43 IST" name="setUp" finished-at="2024-04-16T20:23:46 IST" duration-ms="2748" status="PASS">
          <reporter-output>
          </reporter-output>
        </test-method> <!-- setUp -->
        <test-method signature="verifyLoginWithoutProvidingCredential()[pri:5, instance:com.TutorialNinjaproj.QA.TestCases.LoginTest@38cee291]" started-at="2024-04-16T20:23:46 IST" name="verifyLoginWithoutProvidingCredential" finished-at="2024-04-16T20:23:47 IST" duration-ms="461" status="PASS">
          <reporter-output>
          </reporter-output>
        </test-method> <!-- verifyLoginWithoutProvidingCredential -->
        <test-method is-config="true" signature="tearDown()[pri:0, instance:com.TutorialNinjaproj.QA.TestCases.LoginTest@38cee291]" started-at="2024-04-16T20:23:47 IST" name="tearDown" finished-at="2024-04-16T20:23:47 IST" duration-ms="207" status="PASS">
          <reporter-output>
          </reporter-output>
        </test-method> <!-- tearDown -->
      </class> <!-- com.TutorialNinjaproj.QA.TestCases.LoginTest -->
    </test> <!-- TutorialNinja Automation Test cases -->
  </suite> <!-- TutorialNinja Automation Suite -->
</testng-results>
