<?xml version="1.0" encoding="UTF-8"?>
<testsuite xmlns:xsi="http://www.w3.org/2001/XMLSchema-instance" xsi:noNamespaceSchemaLocation="https://maven.apache.org/surefire/maven-surefire-plugin/xsd/surefire-test-report-3.0.xsd" version="3.0" name="TestSuite" time="56.228" tests="14" errors="0" skipped="0" failures="0">
  <properties>
[...]
</properties>
  <testcase name="verifyRegisterAnAccountWithMandatoryFields" classname="com.TutorialNinjaproj.QA.TestCases.RegisterTest" time="1.396">
    <system-err><![CDATA[SLF4J: Failed to load class "org.slf4j.impl.StaticLoggerBinder".
SLF4J: Defaulting to no-operation (NOP) logger implementation
SLF4J: See http://www.slf4j.org/codes.html#StaticLoggerBinder for further details.
Apr 16, 2024 8:23:06 PM org.openqa.selenium.devtools.CdpVersionFinder findNearestMatch
WARNING: Unable to find an exact match for CDP version 123, returning the closest version; found: 122; Please update to a Selenium version that supports CDP version 123
]]></system-err>
  </testcase>
  <testcase name="verifyRegisterAccountByProvidingAllFields" classname="com.TutorialNinjaproj.QA.TestCases.RegisterTest" time="1.474">
    <system-err><![CDATA[Apr 16, 2024 8:23:10 PM org.openqa.selenium.devtools.CdpVersionFinder findNearestMatch
WARNING: Unable to find an exact match for CDP version 123, returning the closest version; found: 122; Please update to a Selenium version that supports CDP version 123
]]></system-err>
  </testcase>
  <testcase name="verifyRegisterAccountWithExistingEmailAccount" classname="com.TutorialNinjaproj.QA.TestCases.RegisterTest" time="1.095">
    <system-err><![CDATA[Apr 16, 2024 8:23:15 PM org.openqa.selenium.devtools.CdpVersionFinder findNearestMatch
WARNING: Unable to find an exact match for CDP version 123, returning the closest version; found: 122; Please update to a Selenium version that supports CDP version 123
]]></system-err>
  </testcase>
  <testcase name="verifyRegisteringWithoutFillingAnydetails" classname="com.TutorialNinjaproj.QA.TestCases.RegisterTest" time="0.587">
    <system-err><![CDATA[Apr 16, 2024 8:23:19 PM org.openqa.selenium.devtools.CdpVersionFinder findNearestMatch
WARNING: Unable to find an exact match for CDP version 123, returning the closest version; found: 122; Please update to a Selenium version that supports CDP version 123
]]></system-err>
  </testcase>
  <testcase name="verifyLoginWithValidCredentials[amitsdet3227@gmail.com, Shreeganesh@1234](1)" classname="com.TutorialNinjaproj.QA.TestCases.LoginTest" time="1.089">
    <system-err><![CDATA[ERROR StatusLogger Log4j2 could not find a logging implementation. Please add log4j-core to the classpath. Using SimpleLogger to log to the console...
Apr 16, 2024 8:23:23 PM org.openqa.selenium.devtools.CdpVersionFinder findNearestMatch
WARNING: Unable to find an exact match for CDP version 123, returning the closest version; found: 122; Please update to a Selenium version that supports CDP version 123
]]></system-err>
  </testcase>
  <testcase name="verifyLoginWithValidCredentials[amitsdet3228@gmail.com, Shreeganesh@1234](2)" classname="com.TutorialNinjaproj.QA.TestCases.LoginTest" time="0.932">
    <system-err><![CDATA[Apr 16, 2024 8:23:27 PM org.openqa.selenium.devtools.CdpVersionFinder findNearestMatch
WARNING: Unable to find an exact match for CDP version 123, returning the closest version; found: 122; Please update to a Selenium version that supports CDP version 123
]]></system-err>
  </testcase>
  <testcase name="verifyLoginWithValidCredentials[amitsdet3229@gmail.com, Shreeganesh@1234](3)" classname="com.TutorialNinjaproj.QA.TestCases.LoginTest" time="0.836">
    <system-err><![CDATA[Apr 16, 2024 8:23:31 PM org.openqa.selenium.devtools.CdpVersionFinder findNearestMatch
WARNING: Unable to find an exact match for CDP version 123, returning the closest version; found: 122; Please update to a Selenium version that supports CDP version 123
]]></system-err>
  </testcase>
  <testcase name="verifyLoginWithInValidCredentials" classname="com.TutorialNinjaproj.QA.TestCases.LoginTest" time="0.891">
    <system-err><![CDATA[Apr 16, 2024 8:23:34 PM org.openqa.selenium.devtools.CdpVersionFinder findNearestMatch
WARNING: Unable to find an exact match for CDP version 123, returning the closest version; found: 122; Please update to a Selenium version that supports CDP version 123
]]></system-err>
  </testcase>
  <testcase name="verifyLoginWithInValideEmailAndValidPassword" classname="com.TutorialNinjaproj.QA.TestCases.LoginTest" time="0.903">
    <system-err><![CDATA[Apr 16, 2024 8:23:38 PM org.openqa.selenium.devtools.CdpVersionFinder findNearestMatch
WARNING: Unable to find an exact match for CDP version 123, returning the closest version; found: 122; Please update to a Selenium version that supports CDP version 123
]]></system-err>
  </testcase>
  <testcase name="verifyLoginWithValideEmailAndInValidPassword" classname="com.TutorialNinjaproj.QA.TestCases.LoginTest" time="0.812">
    <system-err><![CDATA[Apr 16, 2024 8:23:41 PM org.openqa.selenium.devtools.CdpVersionFinder findNearestMatch
WARNING: Unable to find an exact match for CDP version 123, returning the closest version; found: 122; Please update to a Selenium version that supports CDP version 123
]]></system-err>
  </testcase>
  <testcase name="verifyLoginWithoutProvidingCredential" classname="com.TutorialNinjaproj.QA.TestCases.LoginTest" time="0.461">
    <system-err><![CDATA[Apr 16, 2024 8:23:45 PM org.openqa.selenium.devtools.CdpVersionFinder findNearestMatch
WARNING: Unable to find an exact match for CDP version 123, returning the closest version; found: 122; Please update to a Selenium version that supports CDP version 123
]]></system-err>
  </testcase>
  <testcase name="verifySearchWithValidProduct" classname="com.TutorialNinjaproj.QA.TestCases.SearchTest" time="0.443">
    <system-err><![CDATA[Apr 16, 2024 8:23:48 PM org.openqa.selenium.devtools.CdpVersionFinder findNearestMatch
WARNING: Unable to find an exact match for CDP version 123, returning the closest version; found: 122; Please update to a Selenium version that supports CDP version 123
]]></system-err>
  </testcase>
  <testcase name="verifySearchWithInValidProduct" classname="com.TutorialNinjaproj.QA.TestCases.SearchTest" time="0.462">
    <system-err><![CDATA[Apr 16, 2024 8:23:51 PM org.openqa.selenium.devtools.CdpVersionFinder findNearestMatch
WARNING: Unable to find an exact match for CDP version 123, returning the closest version; found: 122; Please update to a Selenium version that supports CDP version 123
]]></system-err>
  </testcase>
  <testcase name="verifySearchWithAnyProduct" classname="com.TutorialNinjaproj.QA.TestCases.SearchTest" time="0.3">
    <system-err><![CDATA[Apr 16, 2024 8:23:54 PM org.openqa.selenium.devtools.CdpVersionFinder findNearestMatch
WARNING: Unable to find an exact match for CDP version 123, returning the closest version; found: 122; Please update to a Selenium version that supports CDP version 123
]]></system-err>
  </testcase>
</testsuite>