<?xml version="1.0" encoding="UTF-8"?>
<testsuite xmlns:xsi="http://www.w3.org/2001/XMLSchema-instance" xsi:noNamespaceSchemaLocation="https://maven.apache.org/surefire/maven-surefire-plugin/xsd/surefire-test-report-3.0.xsd" version="3.0" name="TestSuite" time="54.201" tests="14" errors="0" skipped="1" failures="1">
  <properties>
[...]
</properties>
  <testcase name="verifyRegisterAnAccountWithMandatoryFields" classname="com.TutorialNinjaproj.QA.TestCases.RegisterTest" time="1.593">
    <system-err><![CDATA[SLF4J: Failed to load class "org.slf4j.impl.StaticLoggerBinder".
SLF4J: Defaulting to no-operation (NOP) logger implementation
SLF4J: See http://www.slf4j.org/codes.html#StaticLoggerBinder for further details.
Apr 16, 2024 11:38:08 AM org.openqa.selenium.devtools.CdpVersionFinder findNearestMatch
WARNING: Unable to find an exact match for CDP version 123, returning the closest version; found: 122; Please update to a Selenium version that supports CDP version 123
]]></system-err>
  </testcase>
  <testcase name="verifyRegisterAccountByProvidingAllFields" classname="com.TutorialNinjaproj.QA.TestCases.RegisterTest" time="1.502">
    <system-err><![CDATA[Apr 16, 2024 11:38:13 AM org.openqa.selenium.devtools.CdpVersionFinder findNearestMatch
WARNING: Unable to find an exact match for CDP version 123, returning the closest version; found: 122; Please update to a Selenium version that supports CDP version 123
]]></system-err>
  </testcase>
  <testcase name="verifyRegisterAccountWithExistingEmailAccount" classname="com.TutorialNinjaproj.QA.TestCases.RegisterTest" time="1.127">
    <system-err><![CDATA[Apr 16, 2024 11:38:18 AM org.openqa.selenium.devtools.CdpVersionFinder findNearestMatch
WARNING: Unable to find an exact match for CDP version 123, returning the closest version; found: 122; Please update to a Selenium version that supports CDP version 123
]]></system-err>
  </testcase>
  <testcase name="verifyRegisteringWithoutFillingAnydetails" classname="com.TutorialNinjaproj.QA.TestCases.RegisterTest" time="0.53">
    <system-err><![CDATA[Apr 16, 2024 11:38:22 AM org.openqa.selenium.devtools.CdpVersionFinder findNearestMatch
WARNING: Unable to find an exact match for CDP version 123, returning the closest version; found: 122; Please update to a Selenium version that supports CDP version 123
]]></system-err>
  </testcase>
  <testcase name="verifyLoginWithValidCredentials[amitsdet3227@gmail.com, Shreeganesh@1234](1)" classname="com.TutorialNinjaproj.QA.TestCases.LoginTest" time="0.987">
    <system-err><![CDATA[ERROR StatusLogger Log4j2 could not find a logging implementation. Please add log4j-core to the classpath. Using SimpleLogger to log to the console...
Apr 16, 2024 11:38:26 AM org.openqa.selenium.devtools.CdpVersionFinder findNearestMatch
WARNING: Unable to find an exact match for CDP version 123, returning the closest version; found: 122; Please update to a Selenium version that supports CDP version 123
]]></system-err>
  </testcase>
  <testcase name="verifyLoginWithValidCredentials[amitsdet3228@gmail.com, Shreeganesh@1234](2)" classname="com.TutorialNinjaproj.QA.TestCases.LoginTest" time="0.831">
    <system-err><![CDATA[Apr 16, 2024 11:38:30 AM org.openqa.selenium.devtools.CdpVersionFinder findNearestMatch
WARNING: Unable to find an exact match for CDP version 123, returning the closest version; found: 122; Please update to a Selenium version that supports CDP version 123
]]></system-err>
  </testcase>
  <testcase name="verifyLoginWithValidCredentials[amitsdet3229@gmail.com, Shreeganesh@1234](3)" classname="com.TutorialNinjaproj.QA.TestCases.LoginTest" time="0.767">
    <system-err><![CDATA[Apr 16, 2024 11:38:33 AM org.openqa.selenium.devtools.CdpVersionFinder findNearestMatch
WARNING: Unable to find an exact match for CDP version 123, returning the closest version; found: 122; Please update to a Selenium version that supports CDP version 123
]]></system-err>
  </testcase>
  <testcase name="verifyLoginWithInValidCredentials" classname="com.TutorialNinjaproj.QA.TestCases.LoginTest" time="0.959">
    <system-err><![CDATA[Apr 16, 2024 11:38:37 AM org.openqa.selenium.devtools.CdpVersionFinder findNearestMatch
WARNING: Unable to find an exact match for CDP version 123, returning the closest version; found: 122; Please update to a Selenium version that supports CDP version 123
]]></system-err>
  </testcase>
  <testcase name="verifyLoginWithInValideEmailAndValidPassword" classname="com.TutorialNinjaproj.QA.TestCases.LoginTest" time="1.047">
    <system-err><![CDATA[Apr 16, 2024 11:38:40 AM org.openqa.selenium.devtools.CdpVersionFinder findNearestMatch
WARNING: Unable to find an exact match for CDP version 123, returning the closest version; found: 122; Please update to a Selenium version that supports CDP version 123
]]></system-err>
  </testcase>
  <testcase name="verifyLoginWithValideEmailAndInValidPassword" classname="com.TutorialNinjaproj.QA.TestCases.LoginTest" time="0.809">
    <system-err><![CDATA[Apr 16, 2024 11:38:44 AM org.openqa.selenium.devtools.CdpVersionFinder findNearestMatch
WARNING: Unable to find an exact match for CDP version 123, returning the closest version; found: 122; Please update to a Selenium version that supports CDP version 123
]]></system-err>
  </testcase>
  <testcase name="verifyLoginWithoutProvidingCredential" classname="com.TutorialNinjaproj.QA.TestCases.LoginTest" time="0.55">
    <system-err><![CDATA[Apr 16, 2024 11:38:48 AM org.openqa.selenium.devtools.CdpVersionFinder findNearestMatch
WARNING: Unable to find an exact match for CDP version 123, returning the closest version; found: 122; Please update to a Selenium version that supports CDP version 123
]]></system-err>
  </testcase>
  <testcase name="verifySearchWithValidProduct" classname="com.TutorialNinjaproj.QA.TestCases.SearchTest" time="0.538">
    <system-err><![CDATA[Apr 16, 2024 11:38:52 AM org.openqa.selenium.devtools.CdpVersionFinder findNearestMatch
WARNING: Unable to find an exact match for CDP version 123, returning the closest version; found: 122; Please update to a Selenium version that supports CDP version 123
]]></system-err>
  </testcase>
  <testcase name="verifySearchWithInValidProduct" classname="com.TutorialNinjaproj.QA.TestCases.SearchTest" time="0.805">
    <failure message="No Product Message in search Result Is not Displayed expected [abcd] but found [There is no product that matches the search criteria.]" type="java.lang.AssertionError"><![CDATA[java.lang.AssertionError: No Product Message in search Result Is not Displayed expected [abcd] but found [There is no product that matches the search criteria.]
	at org.testng.Assert.fail(Assert.java:111)
	at org.testng.Assert.failNotEquals(Assert.java:1578)
	at org.testng.Assert.assertEqualsImpl(Assert.java:150)
	at org.testng.Assert.assertEquals(Assert.java:132)
	at org.testng.Assert.assertEquals(Assert.java:656)
	at com.TutorialNinjaproj.QA.TestCases.SearchTest.verifySearchWithInValidProduct(SearchTest.java:45)
	at java.base/jdk.internal.reflect.DirectMethodHandleAccessor.invoke(DirectMethodHandleAccessor.java:104)
	at java.base/java.lang.reflect.Method.invoke(Method.java:578)
	at org.testng.internal.invokers.MethodInvocationHelper.invokeMethod(MethodInvocationHelper.java:139)
	at org.testng.internal.invokers.TestInvoker.invokeMethod(TestInvoker.java:664)
	at org.testng.internal.invokers.TestInvoker.invokeTestMethod(TestInvoker.java:228)
	at org.testng.internal.invokers.MethodRunner.runInSequence(MethodRunner.java:63)
	at org.testng.internal.invokers.TestInvoker$MethodInvocationAgent.invoke(TestInvoker.java:961)
	at org.testng.internal.invokers.TestInvoker.invokeTestMethods(TestInvoker.java:201)
	at org.testng.internal.invokers.TestMethodWorker.invokeTestMethods(TestMethodWorker.java:148)
	at org.testng.internal.invokers.TestMethodWorker.run(TestMethodWorker.java:128)
	at java.base/java.util.ArrayList.forEach(ArrayList.java:1511)
	at org.testng.TestRunner.privateRun(TestRunner.java:819)
	at org.testng.TestRunner.run(TestRunner.java:619)
	at org.testng.SuiteRunner.runTest(SuiteRunner.java:443)
	at org.testng.SuiteRunner.runSequentially(SuiteRunner.java:437)
	at org.testng.SuiteRunner.privateRun(SuiteRunner.java:397)
	at org.testng.SuiteRunner.run(SuiteRunner.java:336)
	at org.testng.SuiteRunnerWorker.runSuite(SuiteRunnerWorker.java:52)
	at org.testng.SuiteRunnerWorker.run(SuiteRunnerWorker.java:95)
	at org.testng.TestNG.runSuitesSequentially(TestNG.java:1301)
	at org.testng.TestNG.runSuitesLocally(TestNG.java:1228)
	at org.testng.TestNG.runSuites(TestNG.java:1134)
	at org.testng.TestNG.run(TestNG.java:1101)
	at org.apache.maven.surefire.testng.TestNGExecutor.run(TestNGExecutor.java:308)
	at org.apache.maven.surefire.testng.TestNGXmlTestSuite.execute(TestNGXmlTestSuite.java:71)
	at org.apache.maven.surefire.testng.TestNGProvider.invoke(TestNGProvider.java:113)
	at org.apache.maven.surefire.booter.ForkedBooter.runSuitesInProcess(ForkedBooter.java:385)
	at org.apache.maven.surefire.booter.ForkedBooter.execute(ForkedBooter.java:162)
	at org.apache.maven.surefire.booter.ForkedBooter.run(ForkedBooter.java:507)
	at org.apache.maven.surefire.booter.ForkedBooter.main(ForkedBooter.java:495)
]]></failure>
    <system-err><![CDATA[Apr 16, 2024 11:38:55 AM org.openqa.selenium.devtools.CdpVersionFinder findNearestMatch
WARNING: Unable to find an exact match for CDP version 123, returning the closest version; found: 122; Please update to a Selenium version that supports CDP version 123
]]></system-err>
  </testcase>
  <testcase name="verifySearchWithAnyProduct" classname="com.TutorialNinjaproj.QA.TestCases.SearchTest" time="0.0">
    <skipped message="Method com.TutorialNinjaproj.QA.TestCases.SearchTest.verifySearchWithAnyProduct() on instance com.TutorialNinjaproj.QA.TestCases.SearchTest@78e4deb0 depends on not successfully finished methods &#10;[com.TutorialNinjaproj.QA.TestCases.SearchTest.verifySearchWithValidProduct() on instance com.TutorialNinjaproj.QA.TestCases.SearchTest@78e4deb0&#10;com.TutorialNinjaproj.QA.TestCases.SearchTest.verifySearchWithInValidProduct() on instance com.TutorialNinjaproj.QA.TestCases.SearchTest@78e4deb0]"/>
  </testcase>
</testsuite>