<?xml version="1.0" encoding="UTF-8"?>
<!-- Generated by org.testng.reporters.JUnitXMLReporter -->
<testsuite ignored="0" hostname="DESKTOP-I7A3701" failures="0" tests="14" name="TutorialNinja Automation Test cases" time="54.213" errors="0" timestamp="2024-04-16T20:23:56 IST">
  <testcase classname="com.TutorialNinjaproj.QA.TestCases.RegisterTest" name="verifyRegisterAnAccountWithMandatoryFields" time="1.393"/>
  <testcase classname="com.TutorialNinjaproj.QA.TestCases.RegisterTest" name="verifyRegisterAccountByProvidingAllFields" time="1.474"/>
  <testcase classname="com.TutorialNinjaproj.QA.TestCases.RegisterTest" name="verifyRegisterAccountWithExistingEmailAccount" time="1.095"/>
  <testcase classname="com.TutorialNinjaproj.QA.TestCases.RegisterTest" name="verifyRegisteringWithoutFillingAnydetails" time="0.587"/>
  <testcase classname="com.TutorialNinjaproj.QA.TestCases.LoginTest" name="verifyLoginWithValidCredentials" time="1.089"/>
  <testcase classname="com.TutorialNinjaproj.QA.TestCases.LoginTest" name="verifyLoginWithValidCredentials" time="0.932"/>
  <testcase classname="com.TutorialNinjaproj.QA.TestCases.LoginTest" name="verifyLoginWithValidCredentials" time="0.837"/>
  <testcase classname="com.TutorialNinjaproj.QA.TestCases.LoginTest" name="verifyLoginWithInValidCredentials" time="0.89"/>
  <testcase classname="com.TutorialNinjaproj.QA.TestCases.LoginTest" name="verifyLoginWithInValideEmailAndValidPassword" time="0.902"/>
  <testcase classname="com.TutorialNinjaproj.QA.TestCases.LoginTest" name="verifyLoginWithValideEmailAndInValidPassword" time="0.811"/>
  <testcase classname="com.TutorialNinjaproj.QA.TestCases.LoginTest" name="verifyLoginWithoutProvidingCredential" time="0.461"/>
  <testcase classname="com.TutorialNinjaproj.QA.TestCases.SearchTest" name="verifySearchWithValidProduct" time="0.443"/>
  <testcase classname="com.TutorialNinjaproj.QA.TestCases.SearchTest" name="verifySearchWithInValidProduct" time="0.461"/>
  <testcase classname="com.TutorialNinjaproj.QA.TestCases.SearchTest" name="verifySearchWithAnyProduct" time="0.3"/>
</testsuite> <!-- TutorialNinja Automation Test cases -->
